<?xml version="1.0" encoding="UTF-8"?>
<testng-results skipped="0" failed="0" ignored="0" total="1" passed="1">
  <reporter-output>
  </reporter-output>
  <suite name="Default suite" duration-ms="3882" started-at="2021-08-27T10:20:08Z" finished-at="2021-08-27T10:20:12Z">
    <groups>
    </groups>
    <test name="Default test" duration-ms="3882" started-at="2021-08-27T10:20:08Z" finished-at="2021-08-27T10:20:12Z">
      <class name="testNgCases.LoginByPropertiesFile">
        <test-method status="PASS" signature="verifyLogin()[pri:0, instance:testNgCases.LoginByPropertiesFile@6a2bcfcb]" name="verifyLogin" duration-ms="3856" started-at="2021-08-27T15:50:08Z" finished-at="2021-08-27T15:50:12Z">
          <reporter-output>
          </reporter-output>
        </test-method> <!-- verifyLogin -->
      </class> <!-- testNgCases.LoginByPropertiesFile -->
    </test> <!-- Default test -->
  </suite> <!-- Default suite -->
</testng-results>
