<?xml version="1.0" encoding="UTF-8"?>
<!-- Generated by org.testng.reporters.JUnitXMLReporter -->
<testsuite hostname="MSI" ignored="4" name="Default test" tests="1" failures="0" timestamp="27 Oct 2021 05:08:20 GMT" time="4.897" errors="0">
  <testcase name="userForm" time="2.743" classname="offlinewebsite.UserPage"/>
  <testcase name="checkContext" time="0.0" classname="offlinewebsite.UserPage">
    <ignored/>
  </testcase> <!-- checkContext -->
  <testcase name="deletUser1" time="0.0" classname="offlinewebsite.UserPage">
    <ignored/>
  </testcase> <!-- deletUser1 -->
  <testcase name="deletUser2" time="0.0" classname="offlinewebsite.UserPage">
    <ignored/>
  </testcase> <!-- deletUser2 -->
  <testcase name="checkUserListTiltle" time="0.0" classname="offlinewebsite.UserPage">
    <ignored/>
  </testcase> <!-- checkUserListTiltle -->
</testsuite> <!-- Default test -->
