<?xml version="1.0" encoding="UTF-8"?>
<testng-results skipped="0" failed="0" ignored="4" total="5" passed="1">
  <reporter-output>
  </reporter-output>
  <suite name="Default suite" duration-ms="4897" started-at="2021-10-27T05:08:16Z" finished-at="2021-10-27T05:08:20Z">
    <groups>
    </groups>
    <test name="Default test" duration-ms="4897" started-at="2021-10-27T05:08:16Z" finished-at="2021-10-27T05:08:20Z">
      <class name="offlinewebsite.UserPage">
        <test-method status="PASS" signature="setup()[pri:0, instance:offlinewebsite.UserPage@4f933fd1]" name="setup" is-config="true" duration-ms="2140" started-at="2021-10-27T10:38:16Z" finished-at="2021-10-27T10:38:18Z">
          <reporter-output>
          </reporter-output>
        </test-method> <!-- setup -->
        <test-method status="PASS" signature="userForm()[pri:2, instance:offlinewebsite.UserPage@4f933fd1]" name="userForm" duration-ms="2743" started-at="2021-10-27T10:38:18Z" finished-at="2021-10-27T10:38:20Z">
          <reporter-output>
          </reporter-output>
        </test-method> <!-- userForm -->
      </class> <!-- offlinewebsite.UserPage -->
    </test> <!-- Default test -->
  </suite> <!-- Default suite -->
</testng-results>
