<?xml version="1.0" encoding="UTF-8"?>
<testng-results skipped="0" failed="0" ignored="0" total="2" passed="2">
  <reporter-output>
  </reporter-output>
  <suite name="Default suite" duration-ms="3271" started-at="2021-10-23T04:53:30Z" finished-at="2021-10-23T04:53:34Z">
    <groups>
    </groups>
    <test name="Default test" duration-ms="3271" started-at="2021-10-23T04:53:30Z" finished-at="2021-10-23T04:53:34Z">
      <class name="practise.LogicalOnUserpage">
        <test-method status="PASS" signature="setup()[pri:0, instance:practise.LogicalOnUserpage@20e2cbe0]" name="setup" is-config="true" duration-ms="2616" started-at="2021-10-23T10:23:30Z" finished-at="2021-10-23T10:23:33Z">
          <reporter-output>
          </reporter-output>
        </test-method> <!-- setup -->
        <test-method status="PASS" signature="checkUserListTiltle()[pri:1, instance:practise.LogicalOnUserpage@20e2cbe0]" name="checkUserListTiltle" duration-ms="393" started-at="2021-10-23T10:23:33Z" finished-at="2021-10-23T10:23:33Z">
          <reporter-output>
          </reporter-output>
        </test-method> <!-- checkUserListTiltle -->
        <test-method status="PASS" signature="checkEmail()[pri:2, instance:practise.LogicalOnUserpage@20e2cbe0]" name="checkEmail" duration-ms="172" started-at="2021-10-23T10:23:33Z" finished-at="2021-10-23T10:23:33Z">
          <reporter-output>
          </reporter-output>
        </test-method> <!-- checkEmail -->
        <test-method status="PASS" signature="tearDown()[pri:0, instance:practise.LogicalOnUserpage@20e2cbe0]" name="tearDown" is-config="true" duration-ms="62" started-at="2021-10-23T10:23:33Z" finished-at="2021-10-23T10:23:34Z">
          <reporter-output>
          </reporter-output>
        </test-method> <!-- tearDown -->
      </class> <!-- practise.LogicalOnUserpage -->
    </test> <!-- Default test -->
  </suite> <!-- Default suite -->
</testng-results>
